<?xml version="1.0" encoding="UTF-8"?>
<testsuite name="com.mns.feature.AdditionTest" tests="4" skipped="0" failures="0" errors="0" timestamp="2023-08-15T10:05:13" hostname="MBH073741" time="0.015">
  <properties/>
  <testcase name="Test three addition()" classname="com.mns.feature.AdditionTest" time="0.013"/>
  <testcase name="Test two addition()" classname="com.mns.feature.AdditionTest" time="0.001"/>
  <testcase name="Test one addition()" classname="com.mns.feature.AdditionTest" time="0.0"/>
  <testcase name="Test four addition()" classname="com.mns.feature.AdditionTest" time="0.0"/>
  <system-out><![CDATA[]]></system-out>
  <system-err><![CDATA[]]></system-err>
</testsuite>
